TN:
SF:server.js
FN:120,(anonymous_0)
FN:134,(anonymous_1)
FN:137,(anonymous_2)
FN:151,(anonymous_3)
FN:198,(anonymous_4)
FN:202,(anonymous_5)
FN:219,(anonymous_6)
FN:226,(anonymous_7)
FN:232,(anonymous_8)
FN:239,(anonymous_9)
FN:245,(anonymous_10)
FN:250,(anonymous_11)
FN:269,(anonymous_12)
FN:272,(anonymous_13)
FN:277,(anonymous_14)
FN:287,(anonymous_15)
FN:293,(anonymous_16)
FN:294,(anonymous_17)
FN:297,(anonymous_18)
FNF:19
FNH:5
FNDA:66,(anonymous_0)
FNDA:66,(anonymous_1)
FNDA:66,(anonymous_2)
FNDA:38,(anonymous_3)
FNDA:0,(anonymous_4)
FNDA:0,(anonymous_5)
FNDA:0,(anonymous_6)
FNDA:0,(anonymous_7)
FNDA:0,(anonymous_8)
FNDA:0,(anonymous_9)
FNDA:0,(anonymous_10)
FNDA:0,(anonymous_11)
FNDA:0,(anonymous_12)
FNDA:0,(anonymous_13)
FNDA:0,(anonymous_14)
FNDA:0,(anonymous_15)
FNDA:0,(anonymous_16)
FNDA:0,(anonymous_17)
FNDA:1,(anonymous_18)
DA:1,3
DA:2,3
DA:3,3
DA:4,3
DA:5,3
DA:6,3
DA:7,3
DA:8,3
DA:11,3
DA:14,3
DA:24,3
DA:27,3
DA:31,3
DA:32,3
DA:33,3
DA:34,0
DA:35,0
DA:37,3
DA:38,3
DA:39,3
DA:40,3
DA:41,3
DA:43,0
DA:44,0
DA:49,3
DA:50,3
DA:51,3
DA:52,3
DA:53,3
DA:54,3
DA:55,3
DA:56,3
DA:57,3
DA:58,3
DA:59,3
DA:60,3
DA:61,3
DA:62,3
DA:63,3
DA:64,3
DA:65,3
DA:66,3
DA:67,3
DA:70,3
DA:72,3
DA:73,3
DA:74,3
DA:81,3
DA:84,3
DA:85,0
DA:89,3
DA:103,3
DA:111,3
DA:122,66
DA:125,3
DA:128,3
DA:131,3
DA:134,3
DA:135,66
DA:137,66
DA:138,66
DA:139,66
DA:142,66
DA:146,3
DA:149,3
DA:153,38
DA:154,0
DA:162,3
DA:165,3
DA:166,0
DA:171,0
DA:175,3
DA:176,3
DA:177,3
DA:178,3
DA:179,3
DA:180,3
DA:181,3
DA:182,3
DA:183,3
DA:184,3
DA:185,3
DA:186,3
DA:187,3
DA:188,3
DA:189,3
DA:190,3
DA:191,3
DA:192,3
DA:195,3
DA:198,3
DA:199,0
DA:202,0
DA:203,0
DA:204,0
DA:205,0
DA:207,0
DA:215,0
DA:219,0
DA:221,0
DA:222,0
DA:226,0
DA:228,0
DA:232,0
DA:234,0
DA:235,0
DA:239,0
DA:241,0
DA:245,0
DA:246,0
DA:247,0
DA:250,0
DA:251,0
DA:260,3
DA:263,3
DA:266,3
DA:269,3
DA:270,0
DA:272,0
DA:273,0
DA:276,0
DA:277,0
DA:278,0
DA:279,0
DA:282,0
DA:287,0
DA:288,0
DA:289,0
DA:293,3
DA:294,3
DA:297,3
DA:298,1
DA:299,1
DA:300,1
DA:301,1
DA:302,1
DA:304,1
DA:305,0
DA:309,1
DA:319,3
LF:140
LH:98
BRDA:84,0,0,0
BRDA:84,0,1,3
BRDA:90,1,0,0
BRDA:90,1,1,3
BRDA:122,2,0,66
BRDA:122,2,1,66
BRDA:153,3,0,0
BRDA:153,3,1,38
BRDA:165,4,0,0
BRDA:165,4,1,3
BRDA:276,5,0,0
BRDA:276,5,1,0
BRDA:276,6,0,0
BRDA:276,6,1,0
BRDA:304,7,0,0
BRDA:304,7,1,1
BRF:16
BRH:7
end_of_record
TN:
SF:config\config.js
FN:10,(anonymous_0)
FN:206,(anonymous_1)
FN:230,(anonymous_2)
FN:240,(anonymous_3)
FN:270,(anonymous_4)
FN:289,(anonymous_5)
FNF:6
FNH:3
FNDA:3,(anonymous_0)
FNDA:0,(anonymous_1)
FNDA:3,(anonymous_2)
FNDA:12,(anonymous_3)
FNDA:0,(anonymous_4)
FNDA:0,(anonymous_5)
DA:1,3
DA:2,3
DA:10,3
DA:11,3
DA:12,3
DA:20,3
DA:27,3
DA:28,12
DA:30,12
DA:31,3
DA:32,3
DA:33,3
DA:39,3
DA:44,3
DA:201,3
DA:203,0
DA:204,0
DA:205,0
DA:206,0
DA:209,3
DA:211,0
DA:212,0
DA:213,0
DA:214,0
DA:217,3
DA:219,3
DA:220,3
DA:221,3
DA:222,3
DA:223,3
DA:224,3
DA:230,3
DA:231,3
DA:238,3
DA:240,3
DA:241,12
DA:242,12
DA:244,12
DA:245,24
DA:246,0
DA:248,24
DA:250,12
DA:253,3
DA:254,12
DA:255,0
DA:259,3
DA:260,0
DA:264,3
DA:265,0
DA:269,3
DA:270,0
DA:271,0
DA:272,0
DA:278,3
DA:279,3
DA:280,3
DA:282,0
DA:283,0
DA:289,3
DA:290,0
DA:310,0
DA:313,3
LF:62
LH:43
BRDA:11,0,0,3
BRDA:11,0,1,0
BRDA:30,1,0,3
BRDA:30,1,1,9
BRDA:46,2,0,3
BRDA:46,2,1,0
BRDA:47,3,0,3
BRDA:47,3,1,0
BRDA:51,4,0,3
BRDA:51,4,1,0
BRDA:52,5,0,3
BRDA:52,5,1,0
BRDA:53,6,0,3
BRDA:53,6,1,0
BRDA:54,7,0,3
BRDA:54,7,1,0
BRDA:55,8,0,3
BRDA:55,8,1,0
BRDA:57,9,0,3
BRDA:57,9,1,3
BRDA:58,10,0,3
BRDA:58,10,1,3
BRDA:59,11,0,3
BRDA:59,11,1,3
BRDA:64,12,0,3
BRDA:64,12,1,0
BRDA:65,13,0,3
BRDA:65,13,1,3
BRDA:66,14,0,3
BRDA:66,14,1,0
BRDA:67,15,0,3
BRDA:67,15,1,3
BRDA:72,16,0,3
BRDA:72,16,1,3
BRDA:73,17,0,3
BRDA:73,17,1,0
BRDA:74,18,0,3
BRDA:74,18,1,0
BRDA:75,19,0,3
BRDA:75,19,1,0
BRDA:77,20,0,3
BRDA:77,20,1,0
BRDA:78,21,0,3
BRDA:78,21,1,3
BRDA:83,22,0,3
BRDA:83,22,1,0
BRDA:84,23,0,3
BRDA:84,23,1,3
BRDA:85,24,0,3
BRDA:85,24,1,3
BRDA:86,25,0,3
BRDA:86,25,1,3
BRDA:92,26,0,3
BRDA:92,26,1,0
BRDA:93,27,0,3
BRDA:93,27,1,0
BRDA:99,28,0,3
BRDA:99,28,1,3
BRDA:104,29,0,3
BRDA:104,29,1,3
BRDA:105,30,0,0
BRDA:105,30,1,3
BRDA:106,31,0,3
BRDA:106,31,1,0
BRDA:111,32,0,3
BRDA:111,32,1,3
BRDA:112,33,0,3
BRDA:112,33,1,3
BRDA:114,34,0,3
BRDA:114,34,1,3
BRDA:115,35,0,3
BRDA:115,35,1,3
BRDA:120,36,0,3
BRDA:120,36,1,3
BRDA:127,37,0,3
BRDA:127,37,1,3
BRDA:128,38,0,3
BRDA:128,38,1,3
BRDA:134,39,0,3
BRDA:134,39,1,3
BRDA:135,40,0,3
BRDA:135,40,1,3
BRDA:136,41,0,3
BRDA:136,41,1,3
BRDA:149,42,0,3
BRDA:149,42,1,3
BRDA:150,43,0,3
BRDA:150,43,1,3
BRDA:176,44,0,0
BRDA:176,44,1,3
BRDA:178,45,0,3
BRDA:178,45,1,3
BRDA:187,46,0,3
BRDA:187,46,1,3
BRDA:193,47,0,3
BRDA:193,47,1,3
BRDA:194,48,0,3
BRDA:194,48,1,3
BRDA:201,49,0,0
BRDA:201,49,1,3
BRDA:209,50,0,0
BRDA:209,50,1,3
BRDA:217,51,0,3
BRDA:217,51,1,0
BRDA:219,52,0,3
BRDA:219,52,1,3
BRDA:245,53,0,0
BRDA:245,53,1,24
BRDA:245,54,0,24
BRDA:245,54,1,24
BRDA:245,54,2,24
BRDA:254,55,0,0
BRDA:254,55,1,12
BRDA:259,56,0,0
BRDA:259,56,1,3
BRDA:264,57,0,0
BRDA:264,57,1,3
BRDA:264,58,0,3
BRDA:264,58,1,0
BRDA:269,59,0,0
BRDA:269,59,1,3
BRDA:271,60,0,0
BRDA:271,60,1,0
BRDA:310,61,0,0
BRDA:310,61,1,0
BRF:125
BRH:92
end_of_record
TN:
SF:config\database.js
FN:24,(anonymous_0)
FN:28,(anonymous_1)
FN:34,(anonymous_2)
FN:49,(anonymous_3)
FN:67,(anonymous_4)
FN:72,(anonymous_5)
FNF:6
FNH:0
FNDA:0,(anonymous_0)
FNDA:0,(anonymous_1)
FNDA:0,(anonymous_2)
FNDA:0,(anonymous_3)
FNDA:0,(anonymous_4)
FNDA:0,(anonymous_5)
DA:1,18
DA:2,18
DA:3,18
DA:6,18
DA:21,0
DA:24,0
DA:25,0
DA:28,0
DA:29,0
DA:30,0
DA:34,0
DA:35,0
DA:36,0
DA:37,0
DA:38,0
DA:39,0
DA:40,0
DA:41,0
DA:43,0
DA:44,0
DA:49,0
DA:50,0
DA:51,0
DA:52,0
DA:53,0
DA:54,0
DA:59,0
DA:61,0
DA:62,0
DA:67,0
DA:68,0
DA:72,0
DA:73,0
DA:74,0
DA:75,0
DA:76,0
DA:77,0
DA:78,0
DA:80,0
DA:81,0
DA:83,0
DA:87,0
LF:42
LH:4
BRDA:12,0,0,0
BRDA:12,0,1,0
BRF:2
BRH:0
end_of_record
TN:
SF:config\demo-database.js
FN:87,(anonymous_0)
FN:91,(anonymous_1)
FN:96,(anonymous_2)
FN:102,(anonymous_3)
FN:142,(anonymous_4)
FN:145,(anonymous_5)
FN:149,(anonymous_6)
FNF:7
FNH:3
FNDA:44,(anonymous_0)
FNDA:44,(anonymous_1)
FNDA:0,(anonymous_2)
FNDA:132,(anonymous_3)
FNDA:0,(anonymous_4)
FNDA:0,(anonymous_5)
FNDA:0,(anonymous_6)
DA:4,3
DA:87,3
DA:88,44
DA:91,44
DA:94,44
DA:95,0
DA:96,0
DA:97,0
DA:100,44
DA:101,44
DA:102,132
DA:103,44
DA:106,0
DA:107,0
DA:118,0
DA:119,0
DA:122,0
DA:123,0
DA:126,0
DA:127,0
DA:130,0
DA:131,0
DA:134,0
DA:135,0
DA:139,0
DA:142,3
DA:143,0
DA:149,3
DA:150,0
DA:151,0
DA:152,0
DA:153,0
DA:155,0
DA:159,3
LF:34
LH:12
BRDA:87,0,0,0
BRDA:94,1,0,0
BRDA:94,1,1,44
BRDA:94,2,0,44
BRDA:94,2,1,44
BRDA:94,2,2,44
BRDA:97,3,0,0
BRDA:97,3,1,0
BRDA:100,4,0,44
BRDA:100,4,1,0
BRDA:100,5,0,44
BRDA:100,5,1,44
BRDA:100,5,2,44
BRDA:103,6,0,0
BRDA:103,6,1,44
BRDA:106,7,0,0
BRDA:106,7,1,0
BRDA:106,8,0,0
BRDA:106,8,1,0
BRDA:122,9,0,0
BRDA:122,9,1,0
BRDA:122,10,0,0
BRDA:122,10,1,0
BRDA:126,11,0,0
BRDA:126,11,1,0
BRDA:126,12,0,0
BRDA:126,12,1,0
BRDA:130,13,0,0
BRDA:130,13,1,0
BRDA:130,14,0,0
BRDA:130,14,1,0
BRDA:134,15,0,0
BRDA:134,15,1,0
BRF:33
BRH:9
end_of_record
TN:
SF:config\logger.js
FN:24,(anonymous_0)
FN:86,(anonymous_1)
FN:126,(anonymous_2)
FN:142,(anonymous_3)
FN:153,(anonymous_4)
FN:164,(anonymous_5)
FN:173,(anonymous_6)
FN:183,(anonymous_7)
FN:192,(anonymous_8)
FN:204,(anonymous_9)
FN:218,(anonymous_10)
FN:228,(anonymous_11)
FN:239,(anonymous_12)
FNF:13
FNH:4
FNDA:149,(anonymous_0)
FNDA:5,(anonymous_1)
FNDA:66,(anonymous_2)
FNDA:0,(anonymous_3)
FNDA:0,(anonymous_4)
FNDA:0,(anonymous_5)
FNDA:0,(anonymous_6)
FNDA:0,(anonymous_7)
FNDA:0,(anonymous_8)
FNDA:0,(anonymous_9)
FNDA:0,(anonymous_10)
FNDA:0,(anonymous_11)
FNDA:66,(anonymous_12)
DA:1,3
DA:2,3
DA:5,3
DA:6,3
DA:9,3
DA:19,3
DA:25,149
DA:28,149
DA:29,149
DA:32,149
DA:37,3
DA:88,5
DA:89,0
DA:91,5
DA:116,3
DA:117,3
DA:124,3
DA:127,66
DA:138,66
DA:143,0
DA:154,0
DA:165,0
DA:174,0
DA:184,0
DA:193,0
DA:194,0
DA:204,3
DA:205,0
DA:214,0
DA:218,3
DA:219,0
DA:228,3
DA:229,0
DA:238,3
DA:241,66
DA:246,3
LF:36
LH:24
BRDA:28,0,0,149
BRDA:28,0,1,0
BRDA:38,1,0,3
BRDA:38,1,1,0
BRDA:42,2,0,3
BRDA:42,2,1,0
BRDA:88,3,0,0
BRDA:88,3,1,5
BRDA:88,4,0,5
BRDA:88,4,1,5
BRDA:88,4,2,5
BRDA:116,5,0,3
BRDA:116,5,1,0
BRDA:133,6,0,66
BRDA:133,6,1,0
BRDA:193,7,0,0
BRDA:193,7,1,0
BRDA:204,8,0,0
BRDA:218,9,0,0
BRDA:228,10,0,0
BRF:20
BRH:9
end_of_record
TN:
SF:config\swagger.js
FNF:0
FNH:0
DA:1,3
DA:2,3
DA:4,3
DA:311,3
DA:313,3
LF:5
LH:5
BRF:0
BRH:0
end_of_record
TN:
SF:controllers\analyticsController.js
FN:18,(anonymous_0)
FN:39,(anonymous_1)
FN:40,(anonymous_2)
FN:41,(anonymous_3)
FN:42,(anonymous_4)
FN:55,(anonymous_5)
FN:56,(anonymous_6)
FN:57,(anonymous_7)
FN:58,(anonymous_8)
FN:190,(anonymous_9)
FN:272,(anonymous_10)
FN:366,(anonymous_11)
FN:444,(anonymous_12)
FN:486,generatePatientSummaryReport
FN:512,generateFinancialSummaryReport
FN:532,generateAppointmentAnalysisReport
FN:552,generateStaffPerformanceReport
FNF:17
FNH:0
FNDA:0,(anonymous_0)
FNDA:0,(anonymous_1)
FNDA:0,(anonymous_2)
FNDA:0,(anonymous_3)
FNDA:0,(anonymous_4)
FNDA:0,(anonymous_5)
FNDA:0,(anonymous_6)
FNDA:0,(anonymous_7)
FNDA:0,(anonymous_8)
FNDA:0,(anonymous_9)
FNDA:0,(anonymous_10)
FNDA:0,(anonymous_11)
FNDA:0,(anonymous_12)
FNDA:0,generatePatientSummaryReport
FNDA:0,generateFinancialSummaryReport
FNDA:0,generateAppointmentAnalysisReport
FNDA:0,generateStaffPerformanceReport
DA:3,3
DA:4,3
DA:6,3
DA:9,3
DA:10,3
DA:18,3
DA:19,0
DA:21,0
DA:23,0
DA:25,0
DA:27,0
DA:30,0
DA:37,0
DA:39,0
DA:40,0
DA:41,0
DA:42,0
DA:46,0
DA:54,0
DA:55,0
DA:57,0
DA:58,0
DA:59,0
DA:71,0
DA:82,0
DA:96,0
DA:101,0
DA:110,0
DA:121,0
DA:131,0
DA:150,0
DA:168,0
DA:180,0
DA:181,0
DA:190,3
DA:191,0
DA:193,0
DA:195,0
DA:197,0
DA:198,0
DA:199,0
DA:201,0
DA:202,0
DA:203,0
DA:205,0
DA:206,0
DA:207,0
DA:209,0
DA:210,0
DA:213,0
DA:218,0
DA:229,0
DA:243,0
DA:252,0
DA:262,0
DA:263,0
DA:272,3
DA:273,0
DA:275,0
DA:277,0
DA:279,0
DA:280,0
DA:282,0
DA:283,0
DA:285,0
DA:286,0
DA:288,0
DA:291,0
DA:296,0
DA:309,0
DA:322,0
DA:335,0
DA:345,0
DA:356,0
DA:357,0
DA:366,3
DA:367,0
DA:369,0
DA:370,0
DA:375,0
DA:390,0
DA:408,0
DA:424,0
DA:434,0
DA:435,0
DA:444,3
DA:445,0
DA:447,0
DA:448,0
DA:450,0
DA:452,0
DA:453,0
DA:455,0
DA:456,0
DA:458,0
DA:459,0
DA:461,0
DA:462,0
DA:464,0
DA:470,0
DA:476,0
DA:477,0
DA:487,0
DA:491,0
DA:509,0
DA:513,0
DA:517,0
DA:529,0
DA:533,0
DA:537,0
DA:549,0
DA:553,0
DA:557,0
DA:577,0
DA:580,3
LF:115
LH:11
BRDA:25,0,0,0
BRDA:25,0,1,0
BRDA:64,1,0,0
BRDA:64,1,1,0
BRDA:96,2,0,0
BRDA:96,2,1,0
BRDA:96,3,0,0
BRDA:96,3,1,0
BRDA:191,4,0,0
BRDA:195,5,0,0
BRDA:195,5,1,0
BRDA:195,5,2,0
BRDA:195,5,3,0
BRDA:213,6,0,0
BRDA:213,6,1,0
BRDA:213,7,0,0
BRDA:213,7,1,0
BRDA:273,8,0,0
BRDA:277,9,0,0
BRDA:277,9,1,0
BRDA:277,9,2,0
BRDA:277,9,3,0
BRDA:291,10,0,0
BRDA:291,10,1,0
BRDA:291,11,0,0
BRDA:291,11,1,0
BRDA:370,12,0,0
BRDA:370,12,1,0
BRDA:370,13,0,0
BRDA:370,13,1,0
BRDA:445,14,0,0
BRDA:450,15,0,0
BRDA:450,15,1,0
BRDA:450,15,2,0
BRDA:450,15,3,0
BRDA:450,15,4,0
BRDA:487,16,0,0
BRDA:487,16,1,0
BRDA:487,17,0,0
BRDA:487,17,1,0
BRDA:513,18,0,0
BRDA:513,18,1,0
BRDA:513,19,0,0
BRDA:513,19,1,0
BRDA:533,20,0,0
BRDA:533,20,1,0
BRDA:533,21,0,0
BRDA:533,21,1,0
BRDA:553,22,0,0
BRDA:553,22,1,0
BRDA:553,23,0,0
BRDA:553,23,1,0
BRF:52
BRH:0
end_of_record
TN:
SF:controllers\authController.js
FN:14,(anonymous_0)
FN:87,(anonymous_1)
FN:125,(anonymous_2)
FN:143,(anonymous_3)
FNF:4
FNH:2
FNDA:13,(anonymous_0)
FNDA:0,(anonymous_1)
FNDA:0,(anonymous_2)
FNDA:1,(anonymous_3)
DA:1,3
DA:2,3
DA:6,3
DA:7,3
DA:9,3
DA:15,13
DA:16,13
DA:18,13
DA:19,13
DA:26,0
DA:33,0
DA:35,0
DA:36,0
DA:42,0
DA:45,0
DA:47,0
DA:48,0
DA:55,0
DA:66,0
DA:68,0
DA:78,0
DA:79,0
DA:88,0
DA:89,0
DA:91,0
DA:98,0
DA:100,0
DA:101,0
DA:107,0
DA:108,0
DA:110,0
DA:116,0
DA:117,0
DA:126,0
DA:129,0
DA:134,0
DA:135,0
DA:144,1
DA:145,1
DA:147,1
DA:148,0
DA:155,1
DA:158,0
DA:168,0
DA:176,1
DA:177,1
DA:185,3
LF:47
LH:16
BRDA:18,0,0,13
BRDA:18,0,1,0
BRDA:18,1,0,13
BRDA:18,1,1,0
BRDA:35,2,0,0
BRDA:35,2,1,0
BRDA:47,3,0,0
BRDA:47,3,1,0
BRDA:62,4,0,0
BRDA:62,4,1,0
BRDA:100,5,0,0
BRDA:100,5,1,0
BRDA:147,6,0,0
BRDA:147,6,1,1
BRDA:165,7,0,0
BRDA:165,7,1,0
BRF:16
BRH:3
end_of_record
TN:
SF:controllers\patientController.js
FN:6,(anonymous_0)
FN:73,(anonymous_1)
FN:100,(anonymous_2)
FN:138,(anonymous_3)
FN:168,(anonymous_4)
FN:197,(anonymous_5)
FN:225,(anonymous_6)
FN:254,(anonymous_7)
FN:283,(anonymous_8)
FN:312,(anonymous_9)
FN:341,(anonymous_10)
FNF:11
FNH:0
FNDA:0,(anonymous_0)
FNDA:0,(anonymous_1)
FNDA:0,(anonymous_2)
FNDA:0,(anonymous_3)
FNDA:0,(anonymous_4)
FNDA:0,(anonymous_5)
FNDA:0,(anonymous_6)
FNDA:0,(anonymous_7)
FNDA:0,(anonymous_8)
FNDA:0,(anonymous_9)
FNDA:0,(anonymous_10)
DA:1,3
DA:2,3
DA:7,0
DA:15,0
DA:17,0
DA:26,0
DA:29,0
DA:37,0
DA:38,0
DA:39,0
DA:40,0
DA:44,0
DA:45,0
DA:47,0
DA:49,0
DA:50,0
DA:52,0
DA:64,0
DA:65,0
DA:74,0
DA:75,0
DA:76,0
DA:78,0
DA:79,0
DA:85,0
DA:91,0
DA:92,0
DA:101,0
DA:103,0
DA:104,0
DA:105,0
DA:112,0
DA:113,0
DA:115,0
DA:121,0
DA:123,0
DA:124,0
DA:130,0
DA:139,0
DA:140,0
DA:141,0
DA:143,0
DA:144,0
DA:145,0
DA:151,0
DA:153,0
DA:159,0
DA:160,0
DA:169,0
DA:170,0
DA:172,0
DA:173,0
DA:174,0
DA:180,0
DA:182,0
DA:188,0
DA:189,0
DA:198,0
DA:199,0
DA:201,0
DA:216,0
DA:217,0
DA:226,0
DA:227,0
DA:228,0
DA:230,0
DA:231,0
DA:237,0
DA:239,0
DA:245,0
DA:246,0
DA:255,0
DA:256,0
DA:257,0
DA:259,0
DA:260,0
DA:266,0
DA:268,0
DA:274,0
DA:275,0
DA:284,0
DA:285,0
DA:286,0
DA:288,0
DA:289,0
DA:295,0
DA:297,0
DA:303,0
DA:304,0
DA:313,0
DA:314,0
DA:315,0
DA:317,0
DA:318,0
DA:324,0
DA:326,0
DA:332,0
DA:333,0
DA:342,0
DA:343,0
DA:345,0
DA:346,0
DA:352,0
DA:358,0
DA:364,0
DA:365,0
DA:373,3
LF:107
LH:3
BRDA:9,0,0,0
BRDA:10,1,0,0
BRDA:14,2,0,0
BRDA:32,3,0,0
BRDA:32,3,1,0
BRDA:33,4,0,0
BRDA:33,4,1,0
BRDA:33,5,0,0
BRDA:33,5,1,0
BRDA:34,6,0,0
BRDA:34,6,1,0
BRDA:34,7,0,0
BRDA:34,7,1,0
BRDA:34,8,0,0
BRDA:34,8,1,0
BRDA:34,9,0,0
BRDA:34,9,1,0
BRDA:38,10,0,0
BRDA:38,10,1,0
BRDA:39,11,0,0
BRDA:39,11,1,0
BRDA:40,12,0,0
BRDA:40,12,1,0
BRDA:78,13,0,0
BRDA:78,13,1,0
BRDA:104,14,0,0
BRDA:104,14,1,0
BRDA:123,15,0,0
BRDA:123,15,1,0
BRDA:144,16,0,0
BRDA:144,16,1,0
BRDA:173,17,0,0
BRDA:173,17,1,0
BRDA:230,18,0,0
BRDA:230,18,1,0
BRDA:259,19,0,0
BRDA:259,19,1,0
BRDA:288,20,0,0
BRDA:288,20,1,0
BRDA:317,21,0,0
BRDA:317,21,1,0
BRDA:345,22,0,0
BRDA:345,22,1,0
BRDA:345,23,0,0
BRDA:345,23,1,0
BRF:45
BRH:0
end_of_record
TN:
SF:middlewares\auth.js
FN:14,(anonymous_0)
FN:71,(anonymous_1)
FN:72,(anonymous_2)
FNF:3
FNH:2
FNDA:49,(anonymous_0)
FNDA:12,(anonymous_1)
FNDA:0,(anonymous_2)
DA:1,3
DA:5,3
DA:6,3
DA:7,0
DA:9,3
DA:10,3
DA:14,3
DA:15,49
DA:16,49
DA:17,49
DA:19,49
DA:20,3
DA:27,46
DA:30,44
DA:31,44
DA:33,44
DA:34,44
DA:41,0
DA:48,0
DA:50,2
DA:51,1
DA:55,1
DA:56,1
DA:61,0
DA:62,0
DA:71,3
DA:72,12
DA:73,0
DA:74,0
DA:80,0
DA:81,0
DA:87,0
DA:92,3
DA:95,3
DA:98,3
DA:101,3
DA:103,3
LF:37
LH:27
BRDA:17,0,0,49
BRDA:17,0,1,46
BRDA:19,1,0,3
BRDA:19,1,1,46
BRDA:33,2,0,44
BRDA:33,2,1,0
BRDA:33,3,0,44
BRDA:33,3,1,0
BRDA:50,4,0,1
BRDA:50,4,1,1
BRDA:55,5,0,1
BRDA:55,5,1,0
BRDA:73,6,0,0
BRDA:73,6,1,0
BRDA:80,7,0,0
BRDA:80,7,1,0
BRF:16
BRH:9
end_of_record
TN:
SF:middlewares\errorHandler.js
FN:7,(anonymous_0)
FN:18,(anonymous_1)
FN:26,(anonymous_2)
FN:33,(anonymous_3)
FN:40,(anonymous_4)
FN:47,(anonymous_5)
FN:54,(anonymous_6)
FN:64,(anonymous_7)
FN:105,(anonymous_8)
FN:164,(anonymous_9)
FN:181,(anonymous_10)
FN:182,(anonymous_11)
FN:190,(anonymous_12)
FN:211,(anonymous_13)
FN:212,(anonymous_14)
FN:224,(anonymous_15)
FN:226,(anonymous_16)
FN:236,(anonymous_17)
FN:247,(anonymous_18)
FN:253,(anonymous_19)
FNF:20
FNH:6
FNDA:1,(anonymous_0)
FNDA:0,(anonymous_1)
FNDA:0,(anonymous_2)
FNDA:0,(anonymous_3)
FNDA:1,(anonymous_4)
FNDA:0,(anonymous_5)
FNDA:0,(anonymous_6)
FNDA:1,(anonymous_7)
FNDA:0,(anonymous_8)
FNDA:1,(anonymous_9)
FNDA:60,(anonymous_10)
FNDA:14,(anonymous_11)
FNDA:0,(anonymous_12)
FNDA:0,(anonymous_13)
FNDA:0,(anonymous_14)
FNDA:0,(anonymous_15)
FNDA:0,(anonymous_16)
FNDA:0,(anonymous_17)
FNDA:0,(anonymous_18)
FNDA:0,(anonymous_19)
DA:1,3
DA:8,1
DA:9,1
DA:10,1
DA:11,1
DA:13,1
DA:19,0
DA:20,0
DA:21,0
DA:27,0
DA:28,0
DA:34,0
DA:35,0
DA:41,1
DA:42,1
DA:48,0
DA:49,0
DA:55,0
DA:56,0
DA:57,0
DA:64,3
DA:65,1
DA:66,1
DA:69,1
DA:82,1
DA:83,0
DA:84,1
DA:85,1
DA:93,1
DA:94,0
DA:95,0
DA:98,1
DA:99,0
DA:100,0
DA:103,1
DA:104,0
DA:105,0
DA:106,0
DA:109,1
DA:110,0
DA:111,0
DA:114,1
DA:115,0
DA:116,0
DA:120,1
DA:121,0
DA:122,0
DA:125,1
DA:126,0
DA:127,0
DA:130,1
DA:131,0
DA:132,0
DA:136,1
DA:137,0
DA:138,0
DA:142,1
DA:143,0
DA:147,1
DA:148,0
DA:151,1
DA:164,3
DA:165,1
DA:166,1
DA:168,1
DA:175,1
DA:181,3
DA:182,60
DA:183,14
DA:190,3
DA:191,0
DA:193,0
DA:194,0
DA:197,0
DA:198,0
DA:201,0
DA:202,0
DA:205,0
DA:211,3
DA:212,0
DA:218,0
DA:224,3
DA:226,0
DA:227,0
DA:232,0
DA:236,0
DA:237,0
DA:243,0
DA:247,0
DA:248,0
DA:249,0
DA:253,0
DA:254,0
DA:255,0
DA:259,3
LF:95
LH:39
BRDA:7,0,0,1
BRDA:10,1,0,1
BRDA:10,1,1,0
BRDA:18,2,0,0
BRDA:26,3,0,0
BRDA:33,4,0,0
BRDA:40,5,0,0
BRDA:47,6,0,0
BRDA:54,7,0,0
BRDA:76,8,0,1
BRDA:76,8,1,0
BRDA:82,9,0,0
BRDA:82,9,1,1
BRDA:84,10,0,1
BRDA:84,10,1,0
BRDA:93,11,0,0
BRDA:93,11,1,1
BRDA:98,12,0,0
BRDA:98,12,1,1
BRDA:103,13,0,0
BRDA:103,13,1,1
BRDA:109,14,0,0
BRDA:109,14,1,1
BRDA:114,15,0,0
BRDA:114,15,1,1
BRDA:120,16,0,0
BRDA:120,16,1,1
BRDA:125,17,0,0
BRDA:125,17,1,1
BRDA:130,18,0,0
BRDA:130,18,1,1
BRDA:136,19,0,0
BRDA:136,19,1,1
BRDA:142,20,0,0
BRDA:142,20,1,1
BRDA:147,21,0,0
BRDA:147,21,1,1
BRDA:147,22,0,1
BRDA:147,22,1,1
BRDA:155,23,0,1
BRDA:155,23,1,0
BRDA:156,24,0,1
BRDA:156,24,1,0
BRDA:193,25,0,0
BRDA:193,25,1,0
BRDA:197,26,0,0
BRDA:197,26,1,0
BRDA:201,27,0,0
BRDA:201,27,1,0
BRF:49
BRH:20
end_of_record
TN:
SF:middlewares\validation.js
FN:7,(anonymous_0)
FN:11,(anonymous_1)
FN:184,(anonymous_2)
FN:186,(anonymous_3)
FNF:4
FNH:4
FNDA:15,(anonymous_0)
FNDA:3,(anonymous_1)
FNDA:66,(anonymous_2)
FNDA:140,(anonymous_3)
DA:1,3
DA:7,3
DA:8,15
DA:10,15
DA:11,3
DA:17,2
DA:24,13
DA:30,3
DA:178,3
DA:184,3
DA:186,66
DA:187,140
DA:188,8
DA:190,132
DA:191,132
DA:192,132
DA:193,8
DA:195,132
DA:197,0
DA:200,66
DA:201,0
DA:203,66
DA:204,66
DA:206,66
DA:207,66
DA:210,66
DA:213,3
LF:27
LH:25
BRDA:10,0,0,2
BRDA:10,0,1,13
BRDA:187,1,0,8
BRDA:187,1,1,132
BRDA:190,2,0,132
BRDA:190,2,1,0
BRDA:190,3,0,132
BRDA:190,3,1,132
BRDA:200,4,0,0
BRDA:200,4,1,66
BRDA:203,5,0,66
BRDA:203,5,1,0
BRDA:206,6,0,66
BRDA:206,6,1,0
BRF:14
BRH:10
end_of_record
TN:
SF:models\Patient.js
FN:10,(anonymous_0)
FN:34,(anonymous_1)
FN:83,(anonymous_2)
FN:95,(anonymous_3)
FN:116,(anonymous_4)
FN:137,(anonymous_5)
FN:197,(anonymous_6)
FN:204,(anonymous_7)
FN:252,(anonymous_8)
FN:299,(anonymous_9)
FN:316,(anonymous_10)
FN:334,(anonymous_11)
FN:352,(anonymous_12)
FN:370,(anonymous_13)
FN:388,(anonymous_14)
FN:403,(anonymous_15)
FNF:16
FNH:0
FNDA:0,(anonymous_0)
FNDA:0,(anonymous_1)
FNDA:0,(anonymous_2)
FNDA:0,(anonymous_3)
FNDA:0,(anonymous_4)
FNDA:0,(anonymous_5)
FNDA:0,(anonymous_6)
FNDA:0,(anonymous_7)
FNDA:0,(anonymous_8)
FNDA:0,(anonymous_9)
FNDA:0,(anonymous_10)
FNDA:0,(anonymous_11)
FNDA:0,(anonymous_12)
FNDA:0,(anonymous_13)
FNDA:0,(anonymous_14)
FNDA:0,(anonymous_15)
DA:3,3
DA:4,3
DA:6,3
DA:11,0
DA:12,0
DA:13,0
DA:14,0
DA:15,0
DA:16,0
DA:17,0
DA:18,0
DA:19,0
DA:20,0
DA:21,0
DA:22,0
DA:23,0
DA:24,0
DA:25,0
DA:26,0
DA:27,0
DA:28,0
DA:29,0
DA:30,0
DA:51,0
DA:53,0
DA:55,0
DA:57,0
DA:68,0
DA:75,0
DA:76,0
DA:78,0
DA:84,0
DA:85,0
DA:86,0
DA:87,0
DA:88,0
DA:90,0
DA:96,0
DA:97,0
DA:103,0
DA:105,0
DA:106,0
DA:109,0
DA:111,0
DA:117,0
DA:118,0
DA:124,0
DA:126,0
DA:127,0
DA:130,0
DA:132,0
DA:138,0
DA:146,0
DA:148,0
DA:154,0
DA:155,0
DA:157,0
DA:158,0
DA:159,0
DA:160,0
DA:163,0
DA:164,0
DA:165,0
DA:166,0
DA:169,0
DA:170,0
DA:171,0
DA:172,0
DA:175,0
DA:176,0
DA:177,0
DA:183,0
DA:187,0
DA:188,0
DA:189,0
DA:190,0
DA:192,0
DA:193,0
DA:194,0
DA:196,0
DA:197,0
DA:199,0
DA:205,0
DA:206,0
DA:239,0
DA:240,0
DA:241,0
DA:242,0
DA:245,0
DA:247,0
DA:253,0
DA:254,0
DA:261,0
DA:262,0
DA:263,0
DA:265,0
DA:266,0
DA:267,0
DA:268,0
DA:269,0
DA:273,0
DA:274,0
DA:277,0
DA:278,0
DA:280,0
DA:287,0
DA:288,0
DA:291,0
DA:292,0
DA:294,0
DA:300,0
DA:301,0
DA:308,0
DA:309,0
DA:311,0
DA:317,0
DA:318,0
DA:326,0
DA:327,0
DA:329,0
DA:335,0
DA:336,0
DA:344,0
DA:345,0
DA:347,0
DA:353,0
DA:354,0
DA:362,0
DA:363,0
DA:365,0
DA:371,0
DA:372,0
DA:380,0
DA:381,0
DA:383,0
DA:389,0
DA:390,0
DA:391,0
DA:392,0
DA:393,0
DA:395,0
DA:396,0
DA:399,0
DA:404,0
DA:405,0
DA:406,0
DA:410,3
LF:147
LH:4
BRDA:105,0,0,0
BRDA:105,0,1,0
BRDA:126,1,0,0
BRDA:126,1,1,0
BRDA:137,2,0,0
BRDA:140,3,0,0
BRDA:141,4,0,0
BRDA:142,5,0,0
BRDA:143,6,0,0
BRDA:144,7,0,0
BRDA:145,8,0,0
BRDA:157,9,0,0
BRDA:157,9,1,0
BRDA:163,10,0,0
BRDA:163,10,1,0
BRDA:169,11,0,0
BRDA:169,11,1,0
BRDA:175,12,0,0
BRDA:175,12,1,0
BRDA:266,13,0,0
BRDA:266,13,1,0
BRDA:266,14,0,0
BRDA:266,14,1,0
BRDA:273,15,0,0
BRDA:273,15,1,0
BRDA:389,16,0,0
BRDA:389,16,1,0
BRDA:395,17,0,0
BRDA:395,17,1,0
BRDA:395,18,0,0
BRDA:395,18,1,0
BRDA:395,18,2,0
BRF:32
BRH:0
end_of_record
TN:
SF:routes\ai.js
FN:17,(anonymous_0)
FN:95,(anonymous_1)
FN:136,(anonymous_2)
FNF:3
FNH:0
FNDA:0,(anonymous_0)
FNDA:0,(anonymous_1)
FNDA:0,(anonymous_2)
DA:1,3
DA:2,3
DA:3,3
DA:4,3
DA:7,3
DA:13,3
DA:14,3
DA:17,3
DA:18,0
DA:19,0
DA:24,0
DA:26,0
DA:36,0
DA:38,0
DA:48,0
DA:50,0
DA:62,0
DA:64,0
DA:75,0
DA:82,0
DA:91,3
DA:96,0
DA:97,0
DA:100,0
DA:119,0
DA:124,0
DA:133,3
DA:137,0
DA:138,0
DA:141,0
DA:151,0
DA:160,0
DA:168,3
LF:33
LH:11
BRDA:24,0,0,0
BRDA:24,0,1,0
BRDA:24,0,2,0
BRDA:24,0,3,0
BRDA:143,1,0,0
BRDA:143,1,1,0
BRDA:144,2,0,0
BRDA:144,2,1,0
BRF:8
BRH:0
end_of_record
TN:
SF:routes\analytics.js
FN:67,(anonymous_0)
FN:84,(anonymous_1)
FN:143,convertToCSV
FN:149,(anonymous_3)
FN:164,convertToExcel
FNF:5
FNH:0
FNDA:0,(anonymous_0)
FNDA:0,(anonymous_1)
FNDA:0,convertToCSV
FNDA:0,(anonymous_3)
FNDA:0,convertToExcel
DA:1,3
DA:2,3
DA:3,3
DA:4,3
DA:5,3
DA:6,3
DA:9,3
DA:12,3
DA:22,3
DA:33,3
DA:44,3
DA:54,3
DA:67,3
DA:69,0
DA:77,3
DA:85,0
DA:86,0
DA:87,0
DA:91,0
DA:93,0
DA:94,0
DA:96,0
DA:97,0
DA:99,0
DA:100,0
DA:102,0
DA:103,0
DA:105,0
DA:112,0
DA:114,0
DA:115,0
DA:116,0
DA:118,0
DA:119,0
DA:120,0
DA:121,0
DA:122,0
DA:124,0
DA:125,0
DA:127,0
DA:128,0
DA:129,0
DA:133,0
DA:146,0
DA:148,0
DA:149,0
DA:150,0
DA:151,0
DA:152,0
DA:154,0
DA:159,0
DA:160,0
DA:167,0
DA:170,3
LF:54
LH:15
BRDA:87,0,0,0
BRDA:91,1,0,0
BRDA:91,1,1,0
BRDA:91,1,2,0
BRDA:91,1,3,0
BRDA:91,1,4,0
BRDA:114,2,0,0
BRDA:114,2,1,0
BRDA:120,3,0,0
BRDA:120,3,1,0
BRDA:146,4,0,0
BRDA:146,4,1,0
BRDA:146,5,0,0
BRDA:146,5,1,0
BRDA:149,6,0,0
BRDA:151,7,0,0
BRDA:151,7,1,0
BRDA:151,8,0,0
BRDA:151,8,1,0
BRF:19
BRH:0
end_of_record
TN:
SF:routes\appointments.js
FN:33,(anonymous_0)
FN:88,(anonymous_1)
FN:121,(anonymous_2)
FN:148,(anonymous_3)
FN:175,(anonymous_4)
FNF:5
FNH:0
FNDA:0,(anonymous_0)
FNDA:0,(anonymous_1)
FNDA:0,(anonymous_2)
FNDA:0,(anonymous_3)
FNDA:0,(anonymous_4)
DA:1,3
DA:2,3
DA:3,3
DA:4,3
DA:7,3
DA:16,3
DA:20,3
DA:29,3
DA:30,3
DA:33,3
DA:34,0
DA:35,0
DA:36,0
DA:39,0
DA:68,0
DA:79,0
DA:88,3
DA:89,0
DA:90,0
DA:93,0
DA:107,0
DA:112,0
DA:121,3
DA:122,0
DA:123,0
DA:126,0
DA:133,0
DA:139,0
DA:148,3
DA:149,0
DA:150,0
DA:151,0
DA:154,0
DA:160,0
DA:166,0
DA:175,3
DA:176,0
DA:177,0
DA:180,0
DA:185,0
DA:193,3
LF:41
LH:15
BRDA:35,0,0,0
BRDA:35,1,0,0
BRF:2
BRH:0
end_of_record
TN:
SF:routes\auth.js
FNF:0
FNH:0
DA:1,3
DA:2,3
DA:3,3
DA:4,3
DA:5,3
DA:6,3
DA:16,3
DA:22,3
DA:27,3
DA:32,3
DA:37,3
LF:11
LH:11
BRF:0
BRH:0
end_of_record
TN:
SF:routes\billing.js
FN:32,(anonymous_0)
FN:100,(anonymous_1)
FN:133,(anonymous_2)
FN:161,(anonymous_3)
FN:191,(anonymous_4)
FN:220,(anonymous_5)
FNF:6
FNH:0
FNDA:0,(anonymous_0)
FNDA:0,(anonymous_1)
FNDA:0,(anonymous_2)
FNDA:0,(anonymous_3)
FNDA:0,(anonymous_4)
FNDA:0,(anonymous_5)
DA:1,3
DA:2,3
DA:3,3
DA:4,3
DA:7,3
DA:16,3
DA:20,3
DA:28,3
DA:29,3
DA:32,3
DA:33,0
DA:34,0
DA:35,0
DA:38,0
DA:80,0
DA:91,0
DA:100,3
DA:101,0
DA:102,0
DA:105,0
DA:119,0
DA:124,0
DA:133,3
DA:134,0
DA:135,0
DA:138,0
DA:146,0
DA:152,0
DA:161,3
DA:162,0
DA:163,0
DA:164,0
DA:167,0
DA:173,0
DA:179,0
DA:188,3
DA:192,0
DA:193,0
DA:194,0
DA:197,0
DA:205,0
DA:211,0
DA:220,3
DA:221,0
DA:222,0
DA:225,0
DA:230,0
DA:238,3
LF:48
LH:16
BRDA:34,0,0,0
BRDA:34,1,0,0
BRF:2
BRH:0
end_of_record
TN:
SF:routes\checkin.js
FN:29,(anonymous_0)
FN:83,(anonymous_1)
FN:116,(anonymous_2)
FN:146,(anonymous_3)
FN:178,(anonymous_4)
FNF:5
FNH:0
FNDA:0,(anonymous_0)
FNDA:0,(anonymous_1)
FNDA:0,(anonymous_2)
FNDA:0,(anonymous_3)
FNDA:0,(anonymous_4)
DA:1,3
DA:2,3
DA:3,3
DA:4,3
DA:7,3
DA:14,3
DA:18,3
DA:25,3
DA:26,3
DA:29,3
DA:30,0
DA:31,0
DA:34,0
DA:63,0
DA:74,0
DA:83,3
DA:84,0
DA:85,0
DA:88,0
DA:102,0
DA:107,0
DA:116,3
DA:117,0
DA:118,0
DA:121,0
DA:128,0
DA:134,0
DA:143,3
DA:147,0
DA:148,0
DA:149,0
DA:152,0
DA:160,0
DA:166,0
DA:175,3
DA:179,0
DA:180,0
DA:181,0
DA:184,0
DA:191,0
DA:197,0
DA:205,3
LF:42
LH:15
BRDA:31,0,0,0
BRDA:31,1,0,0
BRF:2
BRH:0
end_of_record
TN:
SF:routes\counseling.js
FN:32,(anonymous_0)
FN:99,(anonymous_1)
FN:132,(anonymous_2)
FN:160,(anonymous_3)
FN:190,(anonymous_4)
FN:237,(anonymous_5)
FNF:6
FNH:0
FNDA:0,(anonymous_0)
FNDA:0,(anonymous_1)
FNDA:0,(anonymous_2)
FNDA:0,(anonymous_3)
FNDA:0,(anonymous_4)
FNDA:0,(anonymous_5)
DA:1,3
DA:2,3
DA:3,3
DA:4,3
DA:7,3
DA:16,3
DA:20,3
DA:28,3
DA:29,3
DA:32,3
DA:33,0
DA:34,0
DA:37,0
DA:79,0
DA:90,0
DA:99,3
DA:100,0
DA:101,0
DA:104,0
DA:118,0
DA:123,0
DA:132,3
DA:133,0
DA:134,0
DA:137,0
DA:145,0
DA:151,0
DA:160,3
DA:161,0
DA:162,0
DA:163,0
DA:166,0
DA:172,0
DA:178,0
DA:187,3
DA:191,0
DA:192,0
DA:193,0
DA:196,0
DA:219,0
DA:228,0
DA:237,3
DA:238,0
DA:240,0
DA:254,0
DA:259,0
DA:267,3
LF:47
LH:16
BRDA:34,0,0,0
BRDA:34,1,0,0
BRDA:141,2,0,0
BRDA:141,2,1,0
BRF:4
BRH:0
end_of_record
TN:
SF:routes\doctors.js
FN:30,(anonymous_0)
FN:102,(anonymous_1)
FN:149,(anonymous_2)
FN:178,(anonymous_3)
FNF:4
FNH:0
FNDA:0,(anonymous_0)
FNDA:0,(anonymous_1)
FNDA:0,(anonymous_2)
FNDA:0,(anonymous_3)
DA:1,3
DA:2,3
DA:3,3
DA:4,3
DA:7,3
DA:14,3
DA:18,3
DA:26,3
DA:27,3
DA:30,3
DA:31,0
DA:32,0
DA:35,0
DA:82,0
DA:93,0
DA:102,3
DA:103,0
DA:104,0
DA:107,0
DA:135,0
DA:140,0
DA:149,3
DA:150,0
DA:151,0
DA:152,0
DA:155,0
DA:161,0
DA:167,0
DA:176,3
DA:179,0
DA:180,0
DA:181,0
DA:184,0
DA:221,0
DA:226,0
DA:234,3
LF:36
LH:14
BRDA:32,0,0,0
BRDA:32,1,0,0
BRDA:186,2,0,0
BRDA:186,2,1,0
BRF:4
BRH:0
end_of_record
TN:
SF:routes\drug-interactions.js
FN:24,(anonymous_0)
FN:82,(anonymous_1)
FN:116,(anonymous_2)
FN:117,(anonymous_3)
FN:139,(anonymous_4)
FN:185,(anonymous_5)
FNF:6
FNH:0
FNDA:0,(anonymous_0)
FNDA:0,(anonymous_1)
FNDA:0,(anonymous_2)
FNDA:0,(anonymous_3)
FNDA:0,(anonymous_4)
FNDA:0,(anonymous_5)
DA:1,3
DA:2,3
DA:3,3
DA:4,3
DA:7,3
DA:13,3
DA:20,3
DA:21,3
DA:24,3
DA:25,0
DA:26,0
DA:29,0
DA:62,0
DA:73,0
DA:82,3
DA:83,0
DA:84,0
DA:87,0
DA:90,0
DA:91,0
DA:101,0
DA:102,0
DA:112,0
DA:116,0
DA:117,0
DA:125,0
DA:130,0
DA:139,3
DA:140,0
DA:141,0
DA:144,0
DA:165,0
DA:174,0
DA:183,3
DA:186,0
DA:187,0
DA:190,0
DA:202,0
DA:211,0
DA:219,3
LF:40
LH:13
BRDA:26,0,0,0
BRDA:26,1,0,0
BRDA:90,2,0,0
BRDA:90,2,1,0
BRDA:90,3,0,0
BRDA:90,3,1,0
BRDA:101,4,0,0
BRDA:101,4,1,0
BRDA:101,5,0,0
BRDA:101,5,1,0
BRDA:115,6,0,0
BRDA:115,6,1,0
BRDA:116,7,0,0
BRDA:116,7,1,0
BRDA:117,8,0,0
BRDA:117,8,1,0
BRDA:119,9,0,0
BRDA:119,9,1,0
BRF:18
BRH:0
end_of_record
TN:
SF:routes\health.js
FN:9,(anonymous_0)
FN:20,(anonymous_1)
FN:80,(anonymous_2)
FN:113,(anonymous_3)
FN:139,(anonymous_4)
FN:188,(anonymous_5)
FN:197,(anonymous_6)
FN:205,(anonymous_7)
FN:221,(anonymous_8)
FN:232,(anonymous_9)
FN:252,(anonymous_10)
FN:253,(anonymous_11)
FN:286,(anonymous_12)
FN:331,(anonymous_13)
FN:367,(anonymous_14)
FN:387,(anonymous_15)
FN:434,(anonymous_16)
FNF:17
FNH:1
FNDA:3,(anonymous_0)
FNDA:0,(anonymous_1)
FNDA:0,(anonymous_2)
FNDA:0,(anonymous_3)
FNDA:0,(anonymous_4)
FNDA:0,(anonymous_5)
FNDA:0,(anonymous_6)
FNDA:0,(anonymous_7)
FNDA:0,(anonymous_8)
FNDA:0,(anonymous_9)
FNDA:0,(anonymous_10)
FNDA:0,(anonymous_11)
FNDA:0,(anonymous_12)
FNDA:0,(anonymous_13)
FNDA:0,(anonymous_14)
FNDA:0,(anonymous_15)
FNDA:0,(anonymous_16)
DA:1,3
DA:2,3
DA:3,3
DA:4,3
DA:5,3
DA:10,3
DA:11,3
DA:21,0
DA:23,0
DA:25,0
DA:32,0
DA:33,0
DA:34,0
DA:37,0
DA:43,0
DA:45,0
DA:47,0
DA:59,0
DA:61,0
DA:67,0
DA:81,0
DA:82,0
DA:83,0
DA:85,0
DA:86,0
DA:87,0
DA:88,0
DA:91,0
DA:93,0
DA:114,0
DA:115,0
DA:116,0
DA:119,0
DA:127,0
DA:140,0
DA:143,0
DA:144,0
DA:145,0
DA:146,0
DA:147,0
DA:149,0
DA:155,0
DA:165,0
DA:166,0
DA:167,0
DA:168,0
DA:169,0
DA:170,0
DA:171,0
DA:173,0
DA:179,0
DA:188,0
DA:190,0
DA:198,0
DA:206,0
DA:207,0
DA:209,0
DA:222,0
DA:232,0
DA:233,0
DA:234,0
DA:235,0
DA:237,0
DA:244,0
DA:247,0
DA:248,0
DA:252,0
DA:253,0
DA:255,0
DA:256,0
DA:257,0
DA:258,0
DA:262,0
DA:267,0
DA:271,3
DA:286,3
DA:287,0
DA:288,0
DA:289,0
DA:290,0
DA:293,0
DA:299,0
DA:301,0
DA:307,0
DA:309,0
DA:331,3
DA:332,0
DA:334,0
DA:336,0
DA:337,0
DA:339,0
DA:348,0
DA:367,3
DA:369,0
DA:387,3
DA:388,0
DA:389,0
DA:392,0
DA:409,0
DA:412,0
DA:414,0
DA:434,3
DA:435,0
DA:436,0
DA:446,0
DA:449,0
DA:451,0
DA:458,3
LF:108
LH:14
BRDA:91,0,0,0
BRDA:91,0,1,0
BRDA:143,1,0,0
BRDA:143,1,1,0
BRDA:143,2,0,0
BRDA:143,2,1,0
BRDA:165,3,0,0
BRDA:165,3,1,0
BRDA:165,4,0,0
BRDA:165,4,1,0
BRDA:188,5,0,0
BRDA:188,5,1,0
BRDA:211,6,0,0
BRDA:211,6,1,0
BRDA:226,7,0,0
BRDA:226,7,1,0
BRDA:255,8,0,0
BRDA:255,8,1,0
BRDA:257,9,0,0
BRDA:257,9,1,0
BRDA:299,10,0,0
BRDA:299,10,1,0
BRDA:337,11,0,0
BRDA:337,11,1,0
BRDA:340,12,0,0
BRDA:340,12,1,0
BRF:26
BRH:0
end_of_record
TN:
SF:routes\icu.js
FN:39,(anonymous_0)
FN:105,(anonymous_1)
FN:144,(anonymous_2)
FN:172,(anonymous_3)
FN:211,(anonymous_4)
FN:257,(anonymous_5)
FN:285,(anonymous_6)
FNF:7
FNH:0
FNDA:0,(anonymous_0)
FNDA:0,(anonymous_1)
FNDA:0,(anonymous_2)
FNDA:0,(anonymous_3)
FNDA:0,(anonymous_4)
FNDA:0,(anonymous_5)
FNDA:0,(anonymous_6)
DA:1,3
DA:2,3
DA:3,3
DA:4,3
DA:7,3
DA:15,3
DA:24,3
DA:28,3
DA:35,3
DA:36,3
DA:39,3
DA:40,0
DA:41,0
DA:44,0
DA:85,0
DA:96,0
DA:105,3
DA:106,0
DA:107,0
DA:110,0
DA:130,0
DA:135,0
DA:144,3
DA:145,0
DA:146,0
DA:149,0
DA:157,0
DA:163,0
DA:172,3
DA:173,0
DA:174,0
DA:177,0
DA:185,0
DA:186,0
DA:193,0
DA:199,0
DA:208,3
DA:212,0
DA:213,0
DA:214,0
DA:217,0
DA:240,0
DA:245,0
DA:254,3
DA:258,0
DA:259,0
DA:260,0
DA:263,0
DA:270,0
DA:276,0
DA:285,3
DA:286,0
DA:288,0
DA:309,0
DA:314,0
DA:322,3
LF:56
LH:18
BRDA:41,0,0,0
BRDA:41,1,0,0
BRDA:185,2,0,0
BRDA:185,2,1,0
BRDA:214,3,0,0
BRF:5
BRH:0
end_of_record
TN:
SF:routes\inventory.js
FN:34,(anonymous_0)
FN:115,(anonymous_1)
FN:148,(anonymous_2)
FN:176,(anonymous_3)
FN:208,(anonymous_4)
FN:236,(anonymous_5)
FNF:6
FNH:0
FNDA:0,(anonymous_0)
FNDA:0,(anonymous_1)
FNDA:0,(anonymous_2)
FNDA:0,(anonymous_3)
FNDA:0,(anonymous_4)
FNDA:0,(anonymous_5)
DA:1,3
DA:2,3
DA:3,3
DA:4,3
DA:7,3
DA:18,3
DA:22,3
DA:30,3
DA:31,3
DA:34,3
DA:35,0
DA:36,0
DA:37,0
DA:40,0
DA:95,0
DA:106,0
DA:115,3
DA:116,0
DA:117,0
DA:120,0
DA:134,0
DA:139,0
DA:148,3
DA:149,0
DA:150,0
DA:153,0
DA:161,0
DA:167,0
DA:176,3
DA:177,0
DA:178,0
DA:179,0
DA:182,0
DA:190,0
DA:196,0
DA:205,3
DA:209,0
DA:210,0
DA:211,0
DA:214,0
DA:221,0
DA:227,0
DA:236,3
DA:237,0
DA:238,0
DA:241,0
DA:246,0
DA:254,3
LF:48
LH:16
BRDA:36,0,0,0
BRDA:36,1,0,0
BRDA:156,2,0,0
BRDA:156,2,1,0
BRDA:157,3,0,0
BRDA:157,3,1,0
BRDA:157,4,0,0
BRDA:157,4,1,0
BRDA:185,5,0,0
BRDA:185,5,1,0
BRDA:186,6,0,0
BRDA:186,6,1,0
BRDA:186,7,0,0
BRDA:186,7,1,0
BRF:14
BRH:0
end_of_record
TN:
SF:routes\lab.js
FN:31,(anonymous_0)
FN:103,(anonymous_1)
FN:137,(anonymous_2)
FN:169,(anonymous_3)
FN:205,(anonymous_4)
FNF:5
FNH:0
FNDA:0,(anonymous_0)
FNDA:0,(anonymous_1)
FNDA:0,(anonymous_2)
FNDA:0,(anonymous_3)
FNDA:0,(anonymous_4)
DA:1,3
DA:2,3
DA:3,3
DA:4,3
DA:7,3
DA:15,3
DA:19,3
DA:27,3
DA:28,3
DA:31,3
DA:32,0
DA:33,0
DA:36,0
DA:83,0
DA:94,0
DA:103,3
DA:104,0
DA:105,0
DA:108,0
DA:123,0
DA:128,0
DA:137,3
DA:138,0
DA:139,0
DA:142,0
DA:150,0
DA:156,0
DA:165,3
DA:170,0
DA:171,0
DA:172,0
DA:175,0
DA:183,0
DA:184,0
DA:187,0
DA:193,0
DA:202,3
DA:206,0
DA:207,0
DA:208,0
DA:211,0
DA:244,0
DA:249,0
DA:257,3
LF:44
LH:15
BRDA:33,0,0,0
BRDA:33,1,0,0
BRDA:183,2,0,0
BRDA:183,2,1,0
BRF:4
BRH:0
end_of_record
TN:
SF:routes\medical.js
FN:43,(anonymous_0)
FN:93,(anonymous_1)
FN:124,(anonymous_2)
FN:153,(anonymous_3)
FN:207,(anonymous_4)
FN:240,(anonymous_5)
FN:267,(anonymous_6)
FNF:7
FNH:0
FNDA:0,(anonymous_0)
FNDA:0,(anonymous_1)
FNDA:0,(anonymous_2)
FNDA:0,(anonymous_3)
FNDA:0,(anonymous_4)
FNDA:0,(anonymous_5)
FNDA:0,(anonymous_6)
DA:1,3
DA:2,3
DA:3,3
DA:4,3
DA:7,3
DA:15,3
DA:25,3
DA:29,3
DA:37,3
DA:38,3
DA:43,3
DA:44,0
DA:45,0
DA:48,0
DA:73,0
DA:84,0
DA:93,3
DA:94,0
DA:95,0
DA:98,0
DA:110,0
DA:115,0
DA:124,3
DA:125,0
DA:126,0
DA:129,0
DA:136,0
DA:142,0
DA:153,3
DA:154,0
DA:155,0
DA:158,0
DA:187,0
DA:198,0
DA:207,3
DA:208,0
DA:209,0
DA:212,0
DA:226,0
DA:231,0
DA:240,3
DA:241,0
DA:242,0
DA:245,0
DA:252,0
DA:258,0
DA:267,3
DA:268,0
DA:269,0
DA:270,0
DA:273,0
DA:279,0
DA:285,0
DA:293,3
LF:54
LH:18
BRDA:45,0,0,0
BRDA:45,1,0,0
BRDA:155,2,0,0
BRDA:155,3,0,0
BRF:4
BRH:0
end_of_record
TN:
SF:routes\notifications.js
FN:29,(anonymous_0)
FN:82,(anonymous_1)
FN:110,(anonymous_2)
FN:152,(anonymous_3)
FN:171,(anonymous_4)
FN:190,(anonymous_5)
FNF:6
FNH:0
FNDA:0,(anonymous_0)
FNDA:0,(anonymous_1)
FNDA:0,(anonymous_2)
FNDA:0,(anonymous_3)
FNDA:0,(anonymous_4)
FNDA:0,(anonymous_5)
DA:1,3
DA:2,3
DA:3,3
DA:4,3
DA:7,3
DA:14,3
DA:18,3
DA:26,3
DA:29,3
DA:30,0
DA:31,0
DA:32,0
DA:35,0
DA:62,0
DA:73,0
DA:82,3
DA:83,0
DA:84,0
DA:87,0
DA:96,0
DA:101,0
DA:110,3
DA:111,0
DA:112,0
DA:115,0
DA:123,0
DA:124,0
DA:125,0
DA:129,0
DA:130,0
DA:137,0
DA:143,0
DA:152,3
DA:153,0
DA:154,0
DA:157,0
DA:162,0
DA:171,3
DA:172,0
DA:173,0
DA:176,0
DA:181,0
DA:190,3
DA:191,0
DA:192,0
DA:195,0
DA:200,0
DA:208,3
LF:48
LH:15
BRDA:31,0,0,0
BRDA:31,1,0,0
BRDA:123,2,0,0
BRDA:123,2,1,0
BRDA:124,3,0,0
BRDA:124,3,1,0
BRDA:129,4,0,0
BRDA:129,4,1,0
BRF:8
BRH:0
end_of_record
TN:
SF:routes\patient-portal.js
FN:25,(anonymous_0)
FN:115,(anonymous_1)
FN:167,(anonymous_2)
FN:206,(anonymous_3)
FN:250,(anonymous_4)
FN:292,(anonymous_5)
FN:336,(anonymous_6)
FN:389,(anonymous_7)
FNF:8
FNH:0
FNDA:0,(anonymous_0)
FNDA:0,(anonymous_1)
FNDA:0,(anonymous_2)
FNDA:0,(anonymous_3)
FNDA:0,(anonymous_4)
FNDA:0,(anonymous_5)
FNDA:0,(anonymous_6)
FNDA:0,(anonymous_7)
DA:1,3
DA:2,3
DA:3,3
DA:4,3
DA:8,3
DA:9,3
DA:10,0
DA:12,3
DA:13,3
DA:17,3
DA:20,3
DA:25,3
DA:26,0
DA:27,0
DA:30,0
DA:31,0
DA:33,0
DA:34,0
DA:40,0
DA:43,0
DA:51,0
DA:54,0
DA:62,0
DA:65,0
DA:73,0
DA:76,0
DA:84,0
DA:86,0
DA:106,0
DA:107,0
DA:115,3
DA:116,0
DA:117,0
DA:118,0
DA:121,0
DA:122,0
DA:124,0
DA:125,0
DA:131,0
DA:133,0
DA:140,0
DA:142,0
DA:143,0
DA:144,0
DA:147,0
DA:148,0
DA:150,0
DA:152,0
DA:158,0
DA:159,0
DA:167,3
DA:168,0
DA:169,0
DA:170,0
DA:173,0
DA:178,0
DA:180,0
DA:181,0
DA:188,0
DA:189,0
DA:191,0
DA:197,0
DA:198,0
DA:206,3
DA:207,0
DA:208,0
DA:209,0
DA:212,0
DA:213,0
DA:215,0
DA:216,0
DA:222,0
DA:224,0
DA:233,0
DA:235,0
DA:241,0
DA:242,0
DA:250,3
DA:251,0
DA:252,0
DA:253,0
DA:256,0
DA:261,0
DA:263,0
DA:264,0
DA:271,0
DA:275,0
DA:277,0
DA:283,0
DA:284,0
DA:292,3
DA:293,0
DA:294,0
DA:295,0
DA:298,0
DA:299,0
DA:301,0
DA:302,0
DA:308,0
DA:310,0
DA:319,0
DA:321,0
DA:327,0
DA:328,0
DA:336,3
DA:337,0
DA:338,0
DA:339,0
DA:342,0
DA:343,0
DA:345,0
DA:346,0
DA:352,0
DA:354,0
DA:362,0
DA:364,0
DA:365,0
DA:366,0
DA:369,0
DA:370,0
DA:372,0
DA:374,0
DA:380,0
DA:381,0
DA:389,3
DA:390,0
DA:391,0
DA:392,0
DA:394,0
DA:403,0
DA:405,0
DA:411,0
DA:412,0
DA:419,3
LF:134
LH:19
BRDA:33,0,0,0
BRDA:33,0,1,0
BRDA:118,1,0,0
BRDA:118,2,0,0
BRDA:124,3,0,0
BRDA:124,3,1,0
BRDA:142,4,0,0
BRDA:142,4,1,0
BRDA:180,5,0,0
BRDA:180,5,1,0
BRDA:209,6,0,0
BRDA:209,7,0,0
BRDA:209,8,0,0
BRDA:215,9,0,0
BRDA:215,9,1,0
BRDA:263,10,0,0
BRDA:263,10,1,0
BRDA:295,11,0,0
BRDA:295,12,0,0
BRDA:301,13,0,0
BRDA:301,13,1,0
BRDA:339,14,0,0
BRDA:339,15,0,0
BRDA:345,16,0,0
BRDA:345,16,1,0
BRDA:364,17,0,0
BRDA:364,17,1,0
BRDA:392,18,0,0
BRDA:392,19,0,0
BRF:29
BRH:0
end_of_record
TN:
SF:routes\patients.js
FNF:0
FNH:0
DA:1,3
DA:2,3
DA:3,3
DA:4,3
DA:5,3
DA:6,3
DA:7,3
DA:19,3
DA:20,3
DA:23,3
DA:30,3
DA:35,3
DA:42,3
DA:49,3
DA:56,3
DA:63,3
DA:70,3
DA:77,3
DA:84,3
DA:92,3
DA:98,3
LF:21
LH:21
BRF:0
BRH:0
end_of_record
TN:
SF:routes\pharmacy.js
FN:31,(anonymous_0)
FN:98,(anonymous_1)
FN:131,(anonymous_2)
FN:163,(anonymous_3)
FN:193,(anonymous_4)
FN:251,(anonymous_5)
FN:282,(anonymous_6)
FNF:7
FNH:0
FNDA:0,(anonymous_0)
FNDA:0,(anonymous_1)
FNDA:0,(anonymous_2)
FNDA:0,(anonymous_3)
FNDA:0,(anonymous_4)
FNDA:0,(anonymous_5)
FNDA:0,(anonymous_6)
DA:1,3
DA:2,3
DA:3,3
DA:4,3
DA:7,3
DA:15,3
DA:19,3
DA:27,3
DA:28,3
DA:31,3
DA:32,0
DA:33,0
DA:36,0
DA:78,0
DA:89,0
DA:98,3
DA:99,0
DA:100,0
DA:103,0
DA:117,0
DA:122,0
DA:131,3
DA:132,0
DA:133,0
DA:136,0
DA:144,0
DA:150,0
DA:159,3
DA:164,0
DA:165,0
DA:166,0
DA:169,0
DA:178,0
DA:184,0
DA:193,3
DA:194,0
DA:195,0
DA:198,0
DA:227,0
DA:238,0
DA:247,3
DA:252,0
DA:253,0
DA:254,0
DA:257,0
DA:267,0
DA:273,0
DA:282,3
DA:283,0
DA:284,0
DA:287,0
DA:323,0
DA:334,0
DA:342,3
LF:54
LH:17
BRDA:33,0,0,0
BRDA:33,1,0,0
BRDA:195,2,0,0
BRDA:195,3,0,0
BRDA:264,4,0,0
BRDA:264,4,1,0
BRDA:284,5,0,0
BRDA:284,6,0,0
BRF:8
BRH:0
end_of_record
TN:
SF:routes\users.js
FN:45,(anonymous_0)
FN:139,(anonymous_1)
FN:172,(anonymous_2)
FN:199,(anonymous_3)
FN:226,(anonymous_4)
FNF:5
FNH:0
FNDA:0,(anonymous_0)
FNDA:0,(anonymous_1)
FNDA:0,(anonymous_2)
FNDA:0,(anonymous_3)
FNDA:0,(anonymous_4)
DA:1,3
DA:2,3
DA:3,3
DA:4,3
DA:7,3
DA:18,3
DA:29,3
DA:33,3
DA:41,3
DA:42,3
DA:45,3
DA:46,0
DA:47,0
DA:48,0
DA:51,0
DA:119,0
DA:130,0
DA:139,3
DA:140,0
DA:141,0
DA:144,0
DA:158,0
DA:163,0
DA:172,3
DA:173,0
DA:174,0
DA:177,0
DA:184,0
DA:190,0
DA:199,3
DA:200,0
DA:201,0
DA:202,0
DA:205,0
DA:211,0
DA:217,0
DA:226,3
DA:227,0
DA:228,0
DA:231,0
DA:236,0
DA:244,3
LF:42
LH:16
BRDA:47,0,0,0
BRDA:47,1,0,0
BRF:2
BRH:0
end_of_record
